processing categories in: /Users/tkang/github/CaroteneClassifier/carotene-classifier/src/src/main/resources/datasets/cascadeindex
loading files from /Users/tkang/github/CaroteneClassifier/carotene-classifier/src/src/main/resources/datasets/cascadeindex/soc11-categories.txt
Sales Executive	Advertising Sales Executive
Store Manager	Sales Manager
Construction Manager	Construction Supervisor
Project Coordinator	IT Project Coordinator
Quality Assurance (QA) Manager	Quality Assurance Engineer
Plant Manager	Plant Operator
Residential Manager	Case Manager
Compliance Officer	Banking Officer
Contracts Administrator	Contract Analyst
Laboratory Manager	Production Manager
Project Leader	Project Lead
Assistant Vice President (AVP)	Assistant to the Vice President
Human Resources (HR) Administrator	Human Resources (HR) Generalist
Maintenance Director	Maintenance Coordinator
Rehabilitation Manager	Director of Rehabilitation
Call Center Manager	Call Center Agent
Dietary Manager	Dietary Cook
Residence Director	Director of Career Services
Director of Analytics	Research Analyst
Academic Director	Director of Education
Analytics Manager	Resource Manager
Facilities Manager	Maintenance Manager
Claims Manager	Claims Assistant
Grants Administrator	Trust Administrator
Store Director	Sales Director
Resource Leader	Production Leader
Product Line Manager	Product Manager
Medical Supervisor	Nurse Supervisor
Head of Operations	Operations Analyst
Distribution Group Leader	Production Leader
Agency Manager	Sales Manager
Subcontracts Administrator	Senior Buyer
Implementation Leader	Implementation Consultant
Cost Manager	Cost Estimator
Control Leader	Audit Leader
Continuous Improvement Leader	Continuous Improvement Engineer
Chief Engineer	Maintenance Assistant
Research Manager	Research Analyst
Mobility Manager	Warehouse Manager
Process Manager	Process Operator
Nurse Director	Registered Nurse
Field Service Manager	Maintenance Manager
Clinic Supervisor	Clinical Supervisor
Business Office Manager	Office Manager
Application Support Manager	IT Support Manager
Director of Research and Development	Director of Research
Value Manager	Contract Analyst
House Manager	Installation Manager
Data Analytics Manager	Research Analyst
Fraud Manager	Fraud Investigator
Business Analytics Manager	Resource Manager
Account Supervisor	Program Supervisor
Visual Manager	Sales Manager
Shop Manager	Fabricator
Program Supervisor	Clinical Supervisor
Operations Administrator	Office Administrator
Controller	Assistant Controller
Coding Manager	Medical Coding Manager
Nurse Manager Intensive Care Unit (ICU)	Intensive Care Unit (ICU) Nurse
Accuracy (%): 86.2985685072 (422/489)
loading files from /Users/tkang/github/CaroteneClassifier/carotene-classifier/src/src/main/resources/datasets/cascadeindex/soc13-categories.txt
Entry Level Sales	Sales Representative
Financial Advisor Trainee	Financial Advisor
Services Manager	Client Services Manager
Contracts Manager	Contract Manager
Kronos Analyst	Business Analyst
Processing Manager	Processing Supervisor
Business Partner	Human Resources (HR) Business Partner
Claims Manager	Claims Assistant
Operations Support	Operations Support Representative
Inventory Analyst	Supply Chain Analyst
Quantitative Analyst	Credit Analyst
Assurance Manager	Risk and Assurance Manager
Broker	Sales Representative
Logistics Support Manager	Logistics Manager
Support Analyst	IT Support Analyst
Senior Planner	Transportation Planner
Planning Manager	Product Manager
Pricing Analyst	Research Analyst
Financial Planning Analyst	Financial Analyst
Customer Service Analyst	Customer Service Representative
Auto Adjuster	Maintenance Machinist
Lead Manager	Marketing Manager
Financial Services Manager	Patient Services Manager
Human Resource Analyst	Human Resources Analyst
Human Resources (HR) Consultant	Human Resources (HR) Generalist
Training Assistant	Administrative Assistant
Structural Analyst	Structural Engineer
Regional Analyst	Clinical Research Associate (CRA)
Marketing Strategist	Research Analyst
Management Liaison	Project Manager
Logistics Operator	Forklift Operator
Executive Consultant	Account Consultant
Analytics Leader	Principal Scientist
Strategic Planner	Programmer
Staff Analyst	Programmer Analyst
Sales Analyst	Assistant Analyst
Distribution Analyst	Research Analyst
Credit Officer	Credit Manager
Benefits Consultant	Training Consultant
Statistical Analyst	Research Analyst
Accuracy (%): 86.2745098039 (264/306)
loading files from /Users/tkang/github/CaroteneClassifier/carotene-classifier/src/src/main/resources/datasets/cascadeindex/soc15-categories.txt
IT Network Administrator	IT System Administrator
IT Manager	Information Technology (IT) Manager
IT Field Technician	Field Technician
Senior IT Consultant	Business Consultant
IT Support Manager	Manager of Applications
Process Analyst	Business Analyst
IT Field Engineer	Field Engineer
Information Security Architect	Information Architect
Reporting Analyst	Business Analyst
Release Manager	Project Manager
IT Subject Matter Expert	Logistics Support Manager
Delivery Manager	Program Manager
Senior Technician	Engineering Technician
Database Report Writer	Reports Writer
Performance Analyst	Business Analyst
Quantitative Developer	C Developer
Operations Lead	Warehouse Lead
Client Services Analyst	Services Manager
Project Controls Analyst	Project Analyst
Data Consultant	Healthcare Consultant
Solutions Manager	Logistics Manager
Analytics Manager	Resource Manager
Manager - IT Change Management	Training Manager
QA Specialist	Quality Control Specialist
IT Operations Specialist	Operations Analyst
Integration Manager	Systems Integration Manager
IT Support Administrator	Support Administrator
Business Intelligence Analyst	Business Analyst
Technologist	Engineering Technologist
Senior Quality Assurance Engineer	Quality Assurance Engineer
Software Specialist	Collections Specialist
Solutions Analyst	Business Analyst
Requirements Management Analyst	Change Management Analyst
Engineer Technician	Operations Technician
Product Analyst	Research Analyst
IT Operations Administrator	Administrative Assistant
SAS Analyst	Research Analyst
Business Intelligence Consultant	Business Consultant
Integration Technician	Aircraft Technician
Coding Analyst	Clinical Analyst
C# Developer	C Developer
Web Analyst	Research Analyst
Statistical Analyst	Research Analyst
Operations Administrator	Office Administrator
Coding Manager	Medical Coding Manager
Quality Assurance (QA) Associate	Quality Assurance Engineer
Accuracy (%): 86.6161616162 (343/396)
loading files from /Users/tkang/github/CaroteneClassifier/carotene-classifier/src/src/main/resources/datasets/cascadeindex/soc17-categories.txt
Control Specialist	Business Control Analyst
Quality Control Lead	Quality Lead
PLC Technician	PLC Maintenance Technician
Project Coordinator	IT Project Coordinator
Planner	Production Planner
Project Leader	Project Lead
Process Improvement Manager	Process Manager
Sheet Metal Engineer	Sheet Metal Mechanic
Electrical Controls Programmer	Electrical Apprentice
Lead Technician	Maintenance Manager
Scientist	Research Scientist
Building Engineer	Building Maintenance Worker
Manufacturing Planner	Manufacturing Supervisor
Imagery Analyst	Intelligence Analyst
Biomedical Engineering Technician	Engineering Technician
Imaging Engineer	Field Service Engineer
Accuracy (%): 91.9282511211 (205/223)
loading files from /Users/tkang/github/CaroteneClassifier/carotene-classifier/src/src/main/resources/datasets/cascadeindex/soc19-categories.txt
Clinical Trials Assistant	Clinical Trials Manager
Quality Assurance Analyst	IT Quality Assurance Analyst
Laboratory Supervisor	Technician Supervisor
Field Specialist	Field Engineer
Analytical Technologist	Medical Technologist
Technical Assistant	Claims Assistant
Water Technician	Water and Wastewater Engineer
Transportation Analyst	Logistics Analyst
Quality Assurance (QA) Associate	Quality Assurance Engineer
Accuracy (%): 91.7355371901 (111/121)
loading files from /Users/tkang/github/CaroteneClassifier/carotene-classifier/src/src/main/resources/datasets/cascadeindex/soc21-categories.txt
Counselor	Career Counselor
Career Coach	Job Coach
Education Specialist	Training and Development Specialist
Child Care Worker	Child Care Assistant
Multisystemic Therapy (MST) Therapist	Therapy Technician
Mental Health Practitioner	Mental Health Technician
Field Case Manager	Case Manager
Placement Specialist	Recruiter
Clinical Social Worker	Licensed Clinical Social Worker (LCSW)
Accuracy (%): 94.2196531792 (163/173)
loading files from /Users/tkang/github/CaroteneClassifier/carotene-classifier/src/src/main/resources/datasets/cascadeindex/soc23-categories.txt
Project Attorney	Project Manager
Operations Counsel	Operations Analyst
Accuracy (%): 97.4193548387 (151/155)
loading files from /Users/tkang/github/CaroteneClassifier/carotene-classifier/src/src/main/resources/datasets/cascadeindex/soc25-categories.txt
Heating, Ventilating and Air Conditioning (HVAC) Instructor	HVAC Refrigeration Technician
Education Coordinator	Education Specialist
Program Director	Program Manager
Education Specialist	Training and Development Specialist
Licensed Practical Nurse (LPN) Instructor	Licensed Practical Nurse (LPN)
Program Coordinator	Case Management Supervisor
Certified Nursing Assistant (CNA) Instructor	Certified Nursing Assistant (CNA)
Commercial Driver's License (CDL) Instructor	Commercial Driver's License (CDL) Driver
Clinical Educator	Nurse Educator
Licensed Practical Nursing (LPN) Faculty	Licensed Practical Nurse (LPN)
Research Assistant (RA)	Research Assistant
Learning Consultant	Training and Development Specialist
Accuracy (%): 88.2352941176 (150/170)
loading files from /Users/tkang/github/CaroteneClassifier/carotene-classifier/src/src/main/resources/datasets/cascadeindex/soc27-categories.txt
Program Director	Program Manager
Computer Aided Design (CAD) Designer	Design Engineer
Content Specialist	Web Specialist
Marketing Assistant	Administrative Assistant
Brand Advocate	Brand Ambassador
Director of Marketing	Marketing Director
Marketing Representative	Sales Representative
User Interface (UI) Designer	User Interface Developer
Communications Director	Director of Communications
Program Coordinator	Case Management Supervisor
Web Producer	Web Manager
Account Specialist	Collections Specialist
Technical Designer	Design Engineer
Proofreader	Administrative Assistant
Media Relations Manager	Relationship Manager
Media Consultant	Outside Sales Media Consultant
Visual Manager	Sales Manager
Program Supervisor	Clinical Supervisor
Accuracy (%): 84.8484848485 (140/165)
loading files from /Users/tkang/github/CaroteneClassifier/carotene-classifier/src/src/main/resources/datasets/cascadeindex/soc29-categories.txt
Clinical Nurse	Nurse Manager
Surgical Unit Nurse	Unit Manager
Rehabilitation Coordinator	Volunteer Coordinator
Unit Manager Nurse	Unit Manager
Medical Technician	Emergency Medical Technician (EMT)
Inpatient Services Nurse	Nurse Assistant
Travel Nurse - Cardiac Catheterization Laboratory	Cardiac Catheterization Laboratory Nurse
Cardiovascular Operating Room (CVOR) Nurse	Room Manager
Case Management Coordinator	Case Management Specialist
Quality Improvement Nurse	Director of Quality Improvement
Surgical Services Manager	Clinical Services Manager
Patient Care Manager	Director of Patient Care
Medical Program Coordinator	Case Management Supervisor
Resident Care Manager	Resident Manager
Case Manager Supervisor	Case Management Supervisor
Therapy Technician	Physical Therapy Technician
Health Coach	Job Coach
Laboratory Supervisor	Technician Supervisor
Director of Case Management	Division Director
Clinical Trainer	Systems Trainer
Technician Assistant	Maintenance Assistant
Clinical Analyst	Clinical Systems Analyst
Registrar	Medical Supervisor
Health and Wellness Director	Director of Career Services
Clinical Director	Clinical Manager
Nursery Nurse	Nurse Manager
Health Care Coordinator	Health Supervisor
Obstetrics Nurse	Nurse Manager
Medical-Surgical Nurse	Travel Nurse - Medical/Surgical
Emergency Room (ER) Technician	Operating Room Assistant
Registered Respiratory Therapist	Respiratory Therapist
Clinical Reviewer	Clinical Supervisor
Certified Nursing Midwife	Certified Nursing Assistant (CNA)
Unit Supervisor	Maintenance Supervisor
Imaging Assistant	Clinical Assistant
Nurse Manager Intensive Care Unit (ICU)	Intensive Care Unit (ICU) Nurse
Imaging Engineer	Field Service Engineer
Accuracy (%): 82.1167883212 (225/274)
loading files from /Users/tkang/github/CaroteneClassifier/carotene-classifier/src/src/main/resources/datasets/cascadeindex/soc31-categories.txt
Environmental Services Aide	Environment Services Technician
Instrument Technician	Instrumentation Technician
Operating Room Assistant	Room Manager
Environmental Services Assistant	Environmental Services Director
Registered Dental Assistant	Dental Assistant
Rehabilitation Assistant	Activities Assistant
Certified Home Health Aide	Home Health Aide (HHA)
Pathology Assistant	Histology Technician
Nutrition Assistant	Nutrition Services Worker
Accuracy (%): 87.9518072289 (73/83)
loading files from /Users/tkang/github/CaroteneClassifier/carotene-classifier/src/src/main/resources/datasets/cascadeindex/soc33-categories.txt
Security Specialist	Information Security Specialist
Security Dispatcher	Dispatcher
Assistant Shift Supervisor	Assistant Supervisor
Security Analyst	Information Security Analyst
Investigative Analyst	Research Investigator
Protection Manager	Risk Manager
Accuracy (%): 90.2173913043 (83/92)
loading files from /Users/tkang/github/CaroteneClassifier/carotene-classifier/src/src/main/resources/datasets/cascadeindex/soc35-categories.txt
Shift Manager	Sales Manager
Restaurant Shift Supervisor	Restaurant Supervisor
Food Production Manager	Production Manager
Room Supervisor	Tool Maker
Assistant Shift Manager	Speciality Coffee Assistant Manager
Lead Cook	Cook
Food Clerk	Grocery Clerk
Accuracy (%): 90.7216494845 (88/97)
loading files from /Users/tkang/github/CaroteneClassifier/carotene-classifier/src/src/main/resources/datasets/cascadeindex/soc37-categories.txt
Environment Services Technician	Maintenance Technician
Environmental Services Director	Environmental Services Manager
Maintenance Supervisor	Maintenance Manager
Accuracy (%): 95.1612903226 (59/62)
loading files from /Users/tkang/github/CaroteneClassifier/carotene-classifier/src/src/main/resources/datasets/cascadeindex/soc39-categories.txt
Activities Director	Activity Director
Service Porter	Porter
Recreation Specialist	Activity Director
Recreation Director	Activity Director
Housekeeping Aide	Housekeeper
Life Skills Trainer	Life Skills Worker
Slot Technician Supervisor	Technician Supervisor
Utility Aide	Food Service Assistant
Valet	Valet Attendant
Fitness Attendant	Room Attendant
Wellness Coordinator	Project Coordinator
Hair Stylist Assistant	Hair Stylist
Caretaker	Property Caretaker
Accuracy (%): 82.3529411765 (84/102)
loading files from /Users/tkang/github/CaroteneClassifier/carotene-classifier/src/src/main/resources/datasets/cascadeindex/soc41-categories.txt
Store Manager	Sales Manager
Field Sales Manager	Sales Manager
Private Banker	Commercial Banker
Leasing Consultant	Leasing Manager
Universal Banker	Bank Teller
B2B Sales Consultant	B2B Sales Representative
Client Associate	Client Service Associate
Mortgage Sales Assistant	Mortgage Assistant
Product Sales Specialist	Production Representative
Technical Services Representative	Technical Services Associate
Sales Planner	Demand Manager
Retail Supervisor	Food Service Supervisor
Merchandising Assistant	Research Assistant
Merchandising Representative	Field Merchandising Representative
Shop Manager	Fabricator
Program Supervisor	Clinical Supervisor
Food Clerk	Grocery Clerk
Accuracy (%): 86.8965517241 (126/145)
loading files from /Users/tkang/github/CaroteneClassifier/carotene-classifier/src/src/main/resources/datasets/cascadeindex/soc43-categories.txt
Automotive Sales Service Advisor	Sales Supervisor
Human Resources (HR) Coordinator	Human Resources (HR) Generalist
Claims Representative	Compensation Analyst
Mortgage Specialist	Mortgage Underwriter
Human Resources (HR) Representative	Human Resources (HR) Generalist
Loan Documentation Specialist	Documentation Specialist
Claims Specialist	Insurance Claims Specialist
Admissions Coordinator	Admissions Advisor
Insurance Specialist	Insurance Claims Specialist
Executive Administrative Assistant	Administrative Assistant
Purchasing Assistant	Senior Buyer
Office Associate	Retail Sales Associate
Client Representative	Marketing Representative
Records Clerk	Medical Records Clerk
Specialist Assistant	Activities Assistant
Review Coordinator	Review Nurse
Procurement Assistant	Procurement Analyst
Customer Service Technician	Service Technician
Access Coordinator	Volunteer Coordinator
Project Scheduler	Construction Scheduler
Medical Representative	Medical Assistant
Distribution Technician	Pipeline Technician
Client Service Officer	Client Service Specialist
Billing Accountant	Accountant
Audit Supervisor	Auditor
Account Supervisor	Program Supervisor
Production Warehouse	Production Assembler
Accuracy (%): 90.635451505 (271/299)
loading files from /Users/tkang/github/CaroteneClassifier/carotene-classifier/src/src/main/resources/datasets/cascadeindex/soc45-categories.txt
Cable Puller	Maintenance Manager
Farm Equipment Operator	Equipment Operator
Farm Manager	Operations Manager
Accuracy (%): 75.5555555556 (34/45)
loading files from /Users/tkang/github/CaroteneClassifier/carotene-classifier/src/src/main/resources/datasets/cascadeindex/soc47-categories.txt
Construction Project Coordinator	Construction Coordinator
Master Plumber	Plumber
Field Supervisor	Maintenance Manager
Crew Leader	Maintenance Technician
Installation Manager	Maintenance Manager
General Foreman	Foreman
Construction Engineer and Inspection (CEI) Inspector	Construction Engineer
Instrument Fitter	Tube Bender
Facilities Electrician	Maintenance Electrician
Jack Operator	Forklift Operator
Water Proofer	Water and Wastewater Engineer
Electrical Maintenance Technician	Manufacturing Maintenance Technician
Electrical Inspector	Quality Inspector
Air Conditioning (AC) Electrician	Maintenance Mechanic
Heating, Ventilation, and Air Conditioning (HVAC) Duct Installer	HVAC Refrigeration Technician
Lead Installer	Maintenance Manager
Maintenance Electrician	Electrician
Well Test Operator	Senior Test Engineer
Project Supervisor	Quality Supervisor
Tradesman	Maintenance Mechanic
Accuracy (%): 87.0588235294 (148/170)
loading files from /Users/tkang/github/CaroteneClassifier/carotene-classifier/src/src/main/resources/datasets/cascadeindex/soc49-categories.txt
Maintenance Electrician	Electrician
Electronic Technician	Electronics Technician
HVAC Journeyman	HVAC Refrigeration Technician
Field Service Engineer	Field Engineer
Instrumentation and Electrical Technician	Electrical Technician
Wireless Technician	Network Technician
Assembly Mechanic	Mechanical Assembler
Refrigeration Technician	HVAC Refrigeration Technician
Service Technician	General Service Technician
Plant Operations Technician	Plant Operator
Shop Manager	Fabricator
Accuracy (%): 91.3043478261 (147/161)
loading files from /Users/tkang/github/CaroteneClassifier/carotene-classifier/src/src/main/resources/datasets/cascadeindex/soc51-categories.txt
Maintenance Supervisor	Maintenance Manager
Quality Technician	Quality Assurance Engineer
Shop Foreman	Maintenance Foreman
Production Specialist	Control Specialist
Lab Technician	Laboratory Technician
Operations Coordinator	Recruiter
Manufacturing Lead	Manufacturing Team Lead
Quality Specialist	Quality Control Specialist
Quality Lead	Quality Control Lead
Warehouse Assembler	Packer
Machine Technician	Maintenance Machinist
Operator Assistant	Operations Technician
Machine Inspector	NDT Inspector
Operations Processor	Mortgage Processor
Accuracy (%): 91.3978494624 (170/186)
loading files from /Users/tkang/github/CaroteneClassifier/carotene-classifier/src/src/main/resources/datasets/cascadeindex/soc53-categories.txt
Laborer	General Laborer
Distribution Center Supervisor	Distribution Supervisor
Distribution Center Manager	Distribution Manager
Warehouse Production Operator	Production Worker
Pipeline Technician	Field Technician
Production Warehouse	Production Assembler
Controller	Assistant Controller
Accuracy (%): 92.3076923077 (108/117)
loading files from /Users/tkang/github/CaroteneClassifier/carotene-classifier/src/src/main/resources/datasets/cascadeindex/soc55-categories.txt
Center Standards and Incentives Officer	Chief Financial Officer (CFO)
Radar Technician	Electronics Technician
Weapons Technician	Maintenance Technician
Accuracy (%): 76.1904761905 (16/21)
Total Accuracy (%): 88.3761105627 (3581/4052)
