processing categories in: /Users/tkang/github/CaroteneClassifier/carotene-classifier/src/src/main/resources/datasets/cascadeindex
loading files from /Users/tkang/github/CaroteneClassifier/carotene-classifier/src/src/main/resources/datasets/cascadeindex/soc11-categories.txt
Project Manager	Project Manager
Restaurant Manager	Restaurant Manager
Sales Executive	Advertising Sales Executive
Store Manager	Store Manager
Construction Manager	Construction Supervisor
Office Manager	Office Manager
Project Coordinator	IT Project Coordinator
Quality Assurance (QA) Manager	Quality Assurance Engineer
Warehouse Manager	Warehouse Manager
Plant Manager	Plant Operator
Residential Manager	Case Manager
Compliance Officer	Banking Officer
Contracts Administrator	Contract Analyst
Transportation Manager	Transportation Manager
Executive Chef	Executive Chef
Assistant Store Manager	Assistant Store Manager
Laboratory Manager	Production Manager
Project Leader	Project Lead
Assistant Vice President (AVP)	Assistant to the Vice President
Loss Prevention Manager	Loss Prevention Manager
Technical Director	Technical Director
Maintenance Director	Maintenance Coordinator
Vice President (VP) of Operations	Vice President
Catering Manager	Catering Manager
Rehabilitation Manager	Director of Rehabilitation
Chef Manager	Chef Manager
Call Center Manager	Call Center Agent
Dietary Manager	Food Service Manager
Environmental Services Manager	Environmental Services Manager
Food Service Manager	Food Service Manager
Residence Director	Director of Career Services
Director of Analytics	Research Analyst
Academic Director	Library Director
Manufacturing Manager	Manufacturing Manager
Kitchen Manager	Kitchen Manager
Facilities Manager	Maintenance Manager
Pharmacy Manager	Pharmacy Manager
Maintenance Manager	Maintenance Manager
Claims Manager	Claims Assistant
Grants Administrator	Trust Administrator
Store Director	Sales Director
Resource Leader	Production Leader
Product Line Manager	Product Manager
Medical Supervisor	Medical Coder
Health Service Executive	Health Services Director
Head of Operations	Operations Analyst
Distribution Group Leader	Production Leader
Agency Manager	Sales Manager
Subcontracts Administrator	Trust Administrator
Photo Department Manager	Department Manager
Implementation Leader	Implementation Consultant
Cost Manager	Cost Accountant
Control Leader	Business Control Analyst
Continuous Improvement Leader	Continuous Improvement Engineer
Chief Engineer	Maintenance Assistant
Research Manager	Research Analyst
Mobility Manager	Warehouse Manager
Process Manager	Process Operator
Nurse Director	Director of Nursing
Field Service Manager	Maintenance Manager
Clinic Supervisor	Clinical Supervisor
Business Office Manager	Office Manager
Application Support Manager	IT Support Manager
Director of Research and Development	Director of Research
Value Manager	Training Manager
House Manager	Installation Manager
Fraud Manager	Fraud Investigator
Business Analytics Manager	Quality Assurance Analyst
Quality Assurance (QA) Coordinator	Quality Assurance (QA) Coordinator
Director of Design	Director of Design
Account Supervisor	Program Supervisor
Visual Manager	Sales Manager
Unit Manager	Unit Manager
Training Consultant	Training Consultant
Telecommunications Manager	Telecommunications Manager
Task Leader	Task Leader
Staff Officer	Staff Officer
Software Development Manager	Software Engineer
Shop Manager	Fabricator
Selling Manager	Selling Manager
School Coordinator	School Coordinator
Program Supervisor	Clinical Supervisor
Operations Administrator	Office Administrator
Department Head	Department Head
Controller	Assistant Controller
Compliance Coordinator	Compliance Coordinator
Commercial Banker	Commercial Banker
Bakery Manager	Bakery Manager
Sales Officer	Sales Officer
Coding Manager	Medical Coding Manager
Client Administrator	Client Administrator
Nurse Manager Intensive Care Unit (ICU)	Intensive Care Unit (ICU) Nurse
Environmental, Health, and Safety (EHS) Manager	Environmental, Health, and Safety (EHS) Manager
Accuracy (%): 78.936605317 (386/489)
loading files from /Users/tkang/github/CaroteneClassifier/carotene-classifier/src/src/main/resources/datasets/cascadeindex/soc13-categories.txt
Sales Management Trainee	Sales Management Trainee
Operations Analyst	Operations Analyst
Entry Level Sales	Sales Representative
Training Manager	Training Manager
Financial Advisor Trainee	Financial Advisor
Services Manager	Client Services Manager
Mortgage Closer	Mortgage Closer
Contracts Manager	Contract Manager
Kronos Analyst	Business Analyst
Processing Manager	Production Manager
Risk Manager	Risk Manager
Research Analyst	Research Analyst
Business Partner	Human Resources (HR) Business Partner
Claims Manager	Claims Assistant
Relationship Manager	Relationship Manager
Operations Support	Operations Support Representative
Inventory Analyst	Systems Analyst
SAP Consultant	SAP Consultant
Quantitative Analyst	Risk Analyst
Tax Director	Tax Director
Assurance Manager	Quality Assurance (QA) Manager
Staffing Manager	Staffing Manager
Broker	Sales Representative
Support Analyst	IT Support Analyst
Senior Planner	Transportation Planner
Planning Manager	Manager of Financial Analysis and Planning
Pricing Analyst	Research Analyst
Logistics Manager	Logistics Manager
Mortgage Assistant	Mortgage Assistant
Customer Service Analyst	Customer Service Representative
Auto Adjuster	Maintenance Machinist
Lead Manager	Marketing Manager
Financial Services Manager	Director of Financial Services
Compliance Manager	Compliance Manager
Billing Analyst	Billing Analyst
Human Resources (HR) Consultant	Human Resources (HR) Manager
Training Assistant	Administrative Assistant
Structural Analyst	Structural Engineer
Regional Analyst	Clinical Research Associate (CRA)
Marketing Strategist	Research Analyst
Management Liaison	Identity Management Engineer
Logistics Operator	Logistics Supervisor
Executive Consultant	Account Consultant
Analytics Leader	Research Analyst
Strategic Planner	Programmer
Staff Analyst	Systems Analyst
Sales Analyst	Assistant Analyst
Distribution Analyst	Research Analyst
Oil and Gas Accountant	Accountant
Credit Officer	Credit Manager
Benefits Consultant	Training Consultant
Unit Leader	Unit Leader
Trust Officer	Trust Officer
Trust Administrator	Trust Administrator
Trader	Trader
Team Member Trainer	Team Member Trainer
Talent Manager	Talent Manager
Systems Trainer	Systems Trainer
Risk Officer	Risk Officer
Process Improvement Analyst	Process Improvement Analyst
Personal Financial Representative	Personal Financial Representative
Mortgage Loan Coordinator	Mortgage Loan Coordinator
Manufacturing Analyst	Manufacturing Analyst
Loan Representative	Loan Representative
Implementation Coordinator	Implementation Coordinator
Functional Leader	Functional Leader
Financial Coordinator	Financial Coordinator
Finance Officer	Finance Officer
Credit Administrator	Credit Administrator
Relations Consultant	Relations Consultant
Content Analyst	Content Analyst
Accuracy (%): 75.8169934641 (232/306)
loading files from /Users/tkang/github/CaroteneClassifier/carotene-classifier/src/src/main/resources/datasets/cascadeindex/soc15-categories.txt
Business Analyst	Business Analyst
Data Analyst	Data Analyst
Quality Assurance Engineer	Quality Assurance Engineer
Functional Analyst	Functional Analyst
IT Manager	Information Technology (IT) Manager
IT Field Technician	Field Technician
Senior IT Consultant	Staff Consultant
IT Support Manager	Support Services Manager
Process Analyst	Process Improvement Analyst
IT Field Engineer	Field Engineer
Senior Test Engineer	Senior Test Engineer
Reporting Analyst	Business Analyst
Project Engineer	Project Engineer
Validation Engineer	Validation Engineer
Release Manager	Project Manager
Research Analyst	Research Analyst
Telecommunications Engineer	Systems Engineer
IT Subject Matter Expert	Logistics Support Manager
Communications Engineer	Communications Engineer
Product Manager	Product Manager
Delivery Manager	Delivery Director
Senior Technician	Engineering Technician
Oracle SCM Planning Subject Matter Expert	IT Subject Matter Expert
Database Report Writer	Reports Writer
Performance Analyst	Business Analyst
Quantitative Developer	C Developer
Functional Consultant	Functional Consultant
Logistics Analyst	Logistics Analyst
Operations Lead	Warehouse Lead
Client Services Analyst	Services Manager
Project Controls Analyst	Project Analyst
Data Consultant	Managing Consultant
Hardware Engineer	Hardware Engineer
Solutions Manager	Solutions Executive
Manager - IT Change Management	Location Manager
IT Support Specialist	IT Help Desk Specialist
QA Specialist	Quality Control Specialist
IT Operations Specialist	Operations Support
Integration Manager	Systems Integration Manager
IT Support Administrator	Support Administrator
Operations Engineer	Operations Engineer
Technologist	Engineering Technologist
Senior Quality Assurance Engineer	Quality Assurance Engineer
Software Specialist	Collections Specialist
Solutions Analyst	Business Analyst
Requirements Management Analyst	Change Management Analyst
Design Engineer	Design Engineer
Product Analyst	Research Analyst
Security Officer	Security Officer
IT Operations Administrator	Office Administrator
Security Manager	Security Manager
Project Analyst	Project Analyst
Wireless Engineer	Wireless Engineer
Business Intelligence Consultant	Business Consultant
Integration Technician	Aircraft Technician
Coding Analyst	Clinical Analyst
C# Developer	C Developer
Quality Assurance (QA) Technician	Quality Assurance (QA) Technician
Quality Assurance (QA) Coordinator	Quality Assurance (QA) Coordinator
Technician Supervisor	Technician Supervisor
Systems Operator	Systems Operator
Support Administrator	Support Administrator
Solutions Consultant	Solutions Consultant
Software Development Manager	Software Engineer
Optimization Analyst	Optimization Analyst
Operations Administrator	Office Administrator
Monitoring Analyst	Monitoring Analyst
Implementation Analyst	Implementation Analyst
Design Leader	Design Leader
Data Coordinator	Data Coordinator
Coding Manager	Medical Coding Manager
Quality Assurance (QA) Associate	Quality Assurance Engineer
Systems Supervisor	Systems Supervisor
Modeling Analyst	Modeling Analyst
Design Consultant	Design Consultant
Accuracy (%): 78.0303030303 (309/396)
loading files from /Users/tkang/github/CaroteneClassifier/carotene-classifier/src/src/main/resources/datasets/cascadeindex/soc17-categories.txt
Systems Engineer	Systems Engineer
Quality Control Specialist	Quality Control Specialist
Laboratory Technician	Laboratory Technician
Field Technician	Field Technician
Integration Engineer	Integration Engineer
Control Specialist	Business Control Analyst
Systems Technician	Systems Technician
Performance Engineer	Performance Engineer
Telecommunications Engineer	Systems Engineer
Quality Control Lead	Quality Lead
PLC Technician	PLC Maintenance Technician
Project Coordinator	IT Project Coordinator
Planner	Production Planner
Project Leader	Project Lead
I & C Technician	Engineering Technician
Logistics Engineer	Logistics Engineer
Safety Director	Safety Director
Process Improvement Manager	Process Manager
Project Manager	Project Manager
Sheet Metal Engineer	Operating Engineer
Electrical Controls Programmer	Electrical Apprentice
Maintenance Technician	Maintenance Technician
Environmental Specialist	Environmental Specialist
Avionics Technician	Avionics Technician
Lead Technician	Maintenance Manager
Operations Technician	Operations Technician
Scientist	Research Scientist
Building Engineer	Building Maintenance Worker
Laboratory Engineer	Laboratory Technician
Manufacturing Planner	Manufacturing Supervisor
Imagery Analyst	Intelligence Analyst
Biomedical Engineering Technician	Engineering Technician
Transportation Technician	Transportation Technician
Technician Supervisor	Technician Supervisor
Independent Contractor	Independent Contractor
Imaging Engineer	Field Service Engineer
Design Consultant	Design Consultant
Engineering Mechanic	Engineering Mechanic
Communication Technician	Communication Technician
Accuracy (%): 81.6143497758 (182/223)
loading files from /Users/tkang/github/CaroteneClassifier/carotene-classifier/src/src/main/resources/datasets/cascadeindex/soc19-categories.txt
Clinical Research Associate (CRA)	Clinical Research Associate (CRA)
Clinical Trials Assistant	Clinical Trials Manager
Quality Assurance Analyst	IT Quality Assurance Analyst
Laboratory Supervisor	Control Supervisor
Operations Technician	Operations Technician
Field Specialist	Field Engineer
Analytical Technologist	Medical Technologist
Technical Assistant	Administrative Assistant
Water Technician	Water and Wastewater Engineer
Transportation Analyst	Financial Analyst
Quality Assurance (QA) Associate	Quality Assurance Engineer
Technical Supervisor	Technical Supervisor
Specimen Technician	Specimen Technician
Resource Manager	Resource Manager
Research Coordinator	Research Coordinator
Planning Assistant	Planning Assistant
Environmental Services Technician	Environmental Services Technician
Assurance Analyst	Assurance Analyst
Accuracy (%): 84.2975206612 (102/121)
loading files from /Users/tkang/github/CaroteneClassifier/carotene-classifier/src/src/main/resources/datasets/cascadeindex/soc21-categories.txt
Activities Assistant	Activities Assistant
Counselor	Career Counselor
Mental Health Technician	Mental Health Technician
Patient Service Representative	Patient Service Representative
Career Coach	Job Coach
Psychologist	Psychologist
Education Specialist	Training and Development Specialist
Child Care Worker	Nanny
Multisystemic Therapy (MST) Therapist	Therapy Technician
Mental Health Practitioner	Mental Health Technician
Field Case Manager	Case Manager
Placement Specialist	Recruiter
Social Services Director	Social Services Director
Clinical Social Worker	Licensed Clinical Social Worker (LCSW)
Psychotherapist	Psychotherapist
Discharge Planner	Discharge Planner
Consultant	Consultant
Accuracy (%): 89.5953757225 (155/173)
loading files from /Users/tkang/github/CaroteneClassifier/carotene-classifier/src/src/main/resources/datasets/cascadeindex/soc23-categories.txt
Project Attorney	Project Manager
Paralegal/Administrator	Legal Administrator
Operations Counsel	Operations Analyst
Escrow Assistant	Escrow Assistant
Accuracy (%): 96.1290322581 (149/155)
loading files from /Users/tkang/github/CaroteneClassifier/carotene-classifier/src/src/main/resources/datasets/cascadeindex/soc25-categories.txt
Heating, Ventilating and Air Conditioning (HVAC) Instructor	HVAC Refrigeration Technician
Middle School Mathematics Teacher	High School Mathematics Teacher
Education Coordinator	Health Educator
Nurse Educator	Nurse Educator
Program Director	Program Manager
Education Specialist	Training and Development Specialist
Licensed Practical Nurse (LPN) Instructor	Licensed Practical Nurse (LPN)
Program Coordinator	Case Management Supervisor
Certified Nursing Assistant (CNA) Instructor	Certified Nursing Assistant (CNA)
Commercial Driver's License (CDL) Instructor	Commercial Driver's License (CDL) Driver
Director of Education	Director of Education
Clinical Educator	Nurse Educator
Clinical Coordinator	Clinical Coordinator
Licensed Practical Nursing (LPN) Faculty	Licensed Practical Nurse (LPN)
Research Assistant (RA)	Research Assistant
Learning Consultant	Training and Development Specialist
Technician Supervisor	Technician Supervisor
Research Fellow	Research Fellow
Education Consultant	Education Consultant
Accuracy (%): 84.1176470588 (143/170)
loading files from /Users/tkang/github/CaroteneClassifier/carotene-classifier/src/src/main/resources/datasets/cascadeindex/soc27-categories.txt
Program Director	Program Manager
Computer Aided Design (CAD) Designer	Design Engineer
Content Specialist	Content Developer
Marketing Assistant	Administrative Assistant
Brand Advocate	Brand Ambassador
Director of Marketing	Marketing Director
Marketing Representative	Marketing Agent
User Interface (UI) Designer	User Interface Developer
Proposal Manager	Proposal Manager
Communications Manager	Communications Manager
Account Manager	Account Manager
Operations Technician	Operations Technician
Communications Director	Director of Communications
Web Designer	Web Designer
Assistant Director	Assistant Director
Program Coordinator	Case Management Supervisor
Production Coordinator	Production Coordinator
Web Producer	Web Developer
Account Specialist	Collections Specialist
Cable Technician	Cable Technician
Technical Designer	Structural Designer
Proofreader	Administrative Assistant
Media Relations Manager	Relationship Manager
Media Consultant	Outside Sales Media Consultant
Director of Talent Management	Director of Talent Management
Visual Manager	Sales Manager
Program Supervisor	Clinical Supervisor
Layout Designer	Layout Designer
Conductor	Conductor
Communications Operator	Communications Operator
Communication Technician	Communication Technician
Accuracy (%): 76.9696969697 (127/165)
loading files from /Users/tkang/github/CaroteneClassifier/carotene-classifier/src/src/main/resources/datasets/cascadeindex/soc29-categories.txt
Nurse Manager	Nurse Manager
Clinical Nurse	Nurse Manager
Case Manager	Case Manager
Surgical Unit Nurse	Nurse Manager
Laboratory Technician	Laboratory Technician
Rehabilitation Coordinator	Volunteer Coordinator
Rehabilitation Technician	Rehabilitation Technician
Clinical Supervisor	Clinical Supervisor
Unit Manager Nurse	Unit Manager
Medical Technician	Emergency Medical Technician (EMT)
Laboratory Assistant	Laboratory Assistant
Inpatient Services Nurse	Nurse Aide
Travel Nurse - Cardiac Catheterization Laboratory	Cardiac Catheterization Laboratory Nurse
Cardiovascular Operating Room (CVOR) Nurse	Room Manager
Case Management Coordinator	Case Management Specialist
Quality Improvement Nurse	Director of Quality Improvement
Surgical Services Manager	Clinical Services Manager
Patient Care Manager	Director of Patient Care
Medical Program Coordinator	Medical Social Worker
Director of Pharmacy	Director of Pharmacy
Resident Care Manager	Resident Manager
Case Manager Supervisor	Case Management Supervisor
Therapy Technician	Physical Therapy Technician
Health Coach	Social Work Case Manager
Laboratory Supervisor	Control Supervisor
Director of Case Management	Regional Director
Nurse Coordinator	Nurse Care Coordinator
Clinical Trainer	Systems Trainer
Technician Assistant	Maintenance Assistant
Clinical Analyst	Clinical Systems Analyst
Director of Nursing	Director of Nursing
Registrar	Medical Supervisor
Clinical Manager	Clinical Manager
Health and Wellness Director	Director of Career Services
Clinical Director	Clinical Manager
Nursery Nurse	Nurse Manager
Health Care Coordinator	Health Supervisor
Obstetrics Nurse	Nurse Manager
Medical-Surgical Nurse	Travel Nurse - Medical/Surgical
On-site Nurse	Registered Nurse
Emergency Room (ER) Technician	Certified Nursing Assistant (CNA)
Registered Respiratory Therapist	Respiratory Therapist
Clinical Reviewer	Clinical Supervisor
Certified Nursing Midwife	Certified Nursing Assistant (CNA)
Unit Supervisor	Maintenance Supervisor
Imaging Assistant	Patient Transporter
Nurse Manager Intensive Care Unit (ICU)	Intensive Care Unit (ICU) Nurse
Environmental, Health, and Safety (EHS) Manager	Environmental, Health, and Safety (EHS) Manager
Technical Supervisor	Technical Supervisor
Team Member Trainer	Team Member Trainer
Student Nurse	Student Nurse
Safety Inspector	Safety Inspector
Records Analyst	Records Analyst
Imaging Engineer	Field Service Engineer
Diagnostic Technician	Diagnostic Technician
Care Management Coordinator	Care Management Coordinator
Care Supervisor	Care Supervisor
Accuracy (%): 74.8175182482 (205/274)
loading files from /Users/tkang/github/CaroteneClassifier/carotene-classifier/src/src/main/resources/datasets/cascadeindex/soc31-categories.txt
Patient Care Technician	Patient Care Technician
Laboratory Assistant	Laboratory Assistant
Environmental Services Aide	Environment Services Technician
Instrument Technician	Instrumentation Technician
Operating Room Assistant	Room Manager
Environmental Services Assistant	Environmental Services Director
Registered Dental Assistant	Dental Assistant
Rehabilitation Assistant	Activities Assistant
Certified Home Health Aide	Home Health Aide (HHA)
Pathology Assistant	Histology Technician
Nutrition Assistant	Nutrition Services Worker
Patient Scheduler	Patient Scheduler
Unit Clerk	Unit Clerk
Unit Coordinator	Unit Coordinator
Surgery Scheduler	Surgery Scheduler
Care Provider	Care Provider
Accuracy (%): 79.5180722892 (66/83)
loading files from /Users/tkang/github/CaroteneClassifier/carotene-classifier/src/src/main/resources/datasets/cascadeindex/soc33-categories.txt
Security Specialist	Information Security Specialist
Security Dispatcher	Dispatcher
Assistant Shift Supervisor	Assistant Supervisor
Security Analyst	Information Security Analyst
Investigative Analyst	Research Analyst
Protection Manager	Risk Manager
Safety Inspector	Safety Inspector
Field Investigator	Field Investigator
Control Officer	Control Officer
Accuracy (%): 86.9565217391 (80/92)
loading files from /Users/tkang/github/CaroteneClassifier/carotene-classifier/src/src/main/resources/datasets/cascadeindex/soc35-categories.txt
Shift Manager	Sales Manager
Restaurant Shift Supervisor	Restaurant Supervisor
Food Production Manager	Production Manager
Room Supervisor	Production Supervisor
Assistant Shift Manager	Speciality Coffee Assistant Manager
Lead Cook	Cook
Greeter	Greeter
General Supervisor	General Supervisor
Food Clerk	Produce Clerk
Deli Clerk	Deli Clerk
Assistant Supervisor	Assistant Supervisor
Accuracy (%): 86.5979381443 (84/97)
loading files from /Users/tkang/github/CaroteneClassifier/carotene-classifier/src/src/main/resources/datasets/cascadeindex/soc37-categories.txt
Environment Services Technician	Maintenance Technician
Maintenance Technician	Maintenance Technician
Environmental Services Director	Maintenance Director
Kitchen Worker	Kitchen Worker
Maintenance Supervisor	Maintenance Manager
Independent Contractor	Independent Contractor
Washer	Washer
General Supervisor	General Supervisor
Accuracy (%): 87.0967741935 (54/62)
loading files from /Users/tkang/github/CaroteneClassifier/carotene-classifier/src/src/main/resources/datasets/cascadeindex/soc39-categories.txt
Activities Director	Activity Director
Service Porter	Porter
Recreation Specialist	Activity Director
Recreation Director	Activity Director
Fitness Manager	Fitness Manager
Housekeeping Aide	Housekeeper
Life Skills Trainer	Life Skills Worker
Life Enrichment Assistant	Life Enrichment Assistant
Slot Technician Supervisor	Technician Supervisor
Utility Aide	Food Service Assistant
Valet	Valet Attendant
Butler	Butler
Fitness Attendant	Room Attendant
Caretaker	Property Caretaker
Unit Coordinator	Unit Coordinator
Unit Clerk	Unit Clerk
Travel Consultant	Travel Consultant
Residential Assistant	Residential Assistant
Resident Assistant	Resident Assistant
Greeter	Greeter
Floor Supervisor	Floor Supervisor
Care Supervisor	Care Supervisor
Accuracy (%): 72.5490196078 (74/102)
loading files from /Users/tkang/github/CaroteneClassifier/carotene-classifier/src/src/main/resources/datasets/cascadeindex/soc41-categories.txt
Personal Banker	Personal Banker
Account Manager	Account Manager
Business Development Manager	Business Development Manager
Private Banker	Commercial Banker
Leasing Consultant	Leasing Manager
Universal Banker	Bank Teller
B2B Sales Consultant	B2B Sales Representative
Client Service Specialist	Client Service Specialist
Customer Service Associate	Customer Service Associate
Client Associate	Client Service Associate
Sales Director	Sales Director
Merchandise Manager	Merchandise Manager
Sales Manager	Sales Manager
Mortgage Sales Assistant	Mortgage Assistant
Product Sales Specialist	Customer Service Specialist
Technical Services Representative	Technical Services Associate
Sales Planner	Demand Manager
Retail Supervisor	Restaurant Supervisor
Merchandising Assistant	Research Assistant
Merchandising Representative	Marketing Representative
Director of Advertising	Director of Advertising
Trust Officer	Trust Officer
Trust Administrator	Trust Administrator
Trading Analyst	Trading Analyst
Teller	Teller
Shop Manager	Fabricator
Program Supervisor	Clinical Supervisor
Merchandise Execution Leader	Merchandise Execution Leader
Grocery Clerk	Grocery Clerk
Greeter	Greeter
Department Head	Department Head
Counter Person	Counter Person
Contact Center Representative	Contact Center Representative
Store Clerk	Store Clerk
Shop Assistant	Shop Assistant
Independent Contractor	Independent Contractor
General Supervisor	General Supervisor
Food Clerk	Produce Clerk
Assistant Supervisor	Assistant Supervisor
Accuracy (%): 71.724137931 (104/145)
loading files from /Users/tkang/github/CaroteneClassifier/carotene-classifier/src/src/main/resources/datasets/cascadeindex/soc43-categories.txt
Warehouse Worker	Warehouse Worker
Automotive Sales Service Advisor	Sales Supervisor
Accounts Receivable Specialist	Collections Specialist
Account Coordinator	Account Coordinator
Human Resources (HR) Coordinator	Human Resources (HR) Manager
Material Handler	Material Handler
Claims Representative	Compensation Analyst
Mortgage Specialist	Mortgage Underwriter
Human Resources (HR) Representative	Human Resources (HR) Generalist
Loan Documentation Specialist	Documentation Specialist
Claims Specialist	Insurance Claims Specialist
Admissions Coordinator	Admissions Advisor
Insurance Specialist	Insurance Claims Specialist
Admissions Representative	Admissions Representative
Personal Assistant	Personal Assistant
Executive Administrative Assistant	Administrative Assistant
Title Clerk	Title Clerk
Purchasing Assistant	Senior Buyer
Office Associate	Retail Sales Associate
Legal Assistant	Legal Assistant
Documentation Specialist	Documentation Specialist
Client Representative	Marketing Representative
Records Clerk	Medical Records Clerk
Specialist Assistant	Activities Assistant
Review Coordinator	Utilization Review Nurse
Procurement Assistant	Procurement Analyst
Customer Service Technician	Maintenance Technician
Access Coordinator	Volunteer Coordinator
Project Scheduler	Construction Scheduler
Medical Representative	Medical Assistant
Distribution Technician	Pipeline Technician
Client Service Officer	Trust Officer
Billing Accountant	Accountant
Audit Supervisor	Tax Supervisor
Director of Customer Service	Director of Customer Service
Account Supervisor	Program Supervisor
Travel Counselor	Travel Counselor
Travel Consultant	Travel Consultant
Traffic Coordinator	Traffic Coordinator
Store Merchandiser	Store Merchandiser
Staff Officer	Staff Officer
Solutions Representative	Solutions Representative
Research Associate	Research Associate
Production Warehouse	Warehouse Assembler
Planning Supervisor	Planning Supervisor
Medical Clerk	Medical Clerk
Loan Representative	Loan Representative
Intake Coordinator	Intake Coordinator
Health Unit Coordinator	Health Unit Coordinator
Field Representative	Field Representative
Department Head	Department Head
Data Administrator	Data Administrator
Customer Experience Manager	Customer Experience Manager
Communications Representative	Communications Representative
Appointment Setter	Appointment Setter
Practice Supervisor	Practice Supervisor
General Supervisor	General Supervisor
Financial Representative	Financial Representative
Control Supervisor	Control Supervisor
Accounting Analyst	Accounting Analyst
Financial Services Representative	Financial Services Representative
Assistant Supervisor	Assistant Supervisor
Accuracy (%): 78.9297658863 (236/299)
loading files from /Users/tkang/github/CaroteneClassifier/carotene-classifier/src/src/main/resources/datasets/cascadeindex/soc45-categories.txt
General Laborer	General Laborer
Cable Puller	Cable Technician
Farm Equipment Operator	Equipment Operator
Farm Manager	Operations Manager
Nursery Worker	Nursery Worker
Tree Climber	Tree Climber
General Supervisor	General Supervisor
Area Supervisor	Area Supervisor
Accuracy (%): 64.4444444444 (29/45)
loading files from /Users/tkang/github/CaroteneClassifier/carotene-classifier/src/src/main/resources/datasets/cascadeindex/soc47-categories.txt
Master Plumber	Plumber
Field Supervisor	Maintenance Manager
Crew Leader	Maintenance Technician
Installation Manager	Maintenance Manager
Project Administrator	Project Administrator
General Foreman	Foreman
Construction Engineer and Inspection (CEI) Inspector	Construction Engineer
Instrument Fitter	Tube Bender
Facilities Electrician	Maintenance Electrician
Jack Operator	Forklift Operator
Water Proofer	Water and Wastewater Engineer
Electrical Maintenance Technician	Manufacturing Maintenance Technician
Electrical Inspector	Quality Inspector
Air Conditioning (AC) Electrician	Maintenance Mechanic
Heating, Ventilation, and Air Conditioning (HVAC) Duct Installer	HVAC Refrigeration Technician
Lead Installer	Maintenance Manager
Maintenance Electrician	Electrician
Well Test Operator	CAD Technician
Project Supervisor	Quality Supervisor
Tradesman	Maintenance Mechanic
Superintendent	Superintendent
Safety Inspector	Safety Inspector
Piping Designer	Piping Designer
Independent Contractor	Independent Contractor
General Supervisor	General Supervisor
Floor Supervisor	Floor Supervisor
Construction Technician	Construction Technician
Electrical Supervisor	Electrical Supervisor
Accuracy (%): 82.3529411765 (140/170)
loading files from /Users/tkang/github/CaroteneClassifier/carotene-classifier/src/src/main/resources/datasets/cascadeindex/soc49-categories.txt
Maintenance Electrician	Electrician
Maintenance Machinist	Maintenance Machinist
Electronic Technician	Electronics Technician
Field Service Engineer	Field Engineer
Instrumentation and Electrical Technician	Electrical Technician
Wireless Technician	Network Technician
Systems Technician	Systems Technician
Operations Technician	Operations Technician
Instrumentation Technician	Instrumentation Technician
Machine Operator	Machine Operator
Assembly Technician	Assembly Technician
Welder	Welder
Assembly Mechanic	Mechanical Assembler
Rigger	Rigger
Refrigeration Technician	HVAC Refrigeration Technician
Automation Technician	Automation Technician
Service Technician	General Service Technician
Plant Operations Technician	Plant Operator
Utilities Worker	Utilities Technician
Shop Manager	Fabricator
Independent Contractor	Independent Contractor
Hospital Service Technician	Hospital Service Technician
Foreman	Foreman
Department Head	Department Head
General Supervisor	General Supervisor
Control Supervisor	Control Supervisor
Area Supervisor	Area Supervisor
Accuracy (%): 81.3664596273 (131/161)
loading files from /Users/tkang/github/CaroteneClassifier/carotene-classifier/src/src/main/resources/datasets/cascadeindex/soc51-categories.txt
General Laborer	General Laborer
Process Technician	Process Technician
Maintenance Supervisor	Maintenance Manager
Quality Technician	Quality Assurance Engineer
Manufacturing Technician	Manufacturing Technician
Equipment Operator	Equipment Operator
Painter	Painter
Shop Foreman	Foreman
Production Specialist	Control Specialist
Lab Technician	Laboratory Technician
Operations Coordinator	Logistics Coordinator
Manufacturing Lead	Manufacturing Team Lead
Quality Specialist	Quality Control Specialist
Quality Lead	Quality Control Lead
Warehouse Assembler	Packer
Machine Technician	Machine Operator
Estimator	Estimator
Baker	Baker
Operator Assistant	Operations Technician
Machine Inspector	NDT Inspector
Operations Processor	Mortgage Processor
Quality Assurance (QA) Tester	Quality Assurance (QA) Tester
Quality Assurance (QA) Technician	Quality Assurance (QA) Technician
Washer	Washer
Technician Supervisor	Technician Supervisor
Systems Operator	Systems Operator
Distribution Supervisor	Distribution Supervisor
Department Head	Department Head
Floor Supervisor	Floor Supervisor
Foreman	Foreman
Electrical Supervisor	Electrical Supervisor
Area Supervisor	Area Supervisor
Accuracy (%): 81.7204301075 (152/186)
loading files from /Users/tkang/github/CaroteneClassifier/carotene-classifier/src/src/main/resources/datasets/cascadeindex/soc53-categories.txt
Laborer	General Laborer
Equipment Operator	Equipment Operator
Machine Operator	Machine Operator
Distribution Center Supervisor	Distribution Supervisor
Distribution Center Manager	Distribution Manager
Warehouse Production Operator	Production Operator
Pipeline Technician	Field Technician
Washer	Washer
Production Warehouse	Warehouse Assembler
General Supervisor	General Supervisor
Controller	Assistant Controller
Control Supervisor	Control Supervisor
Transportation Aide	Transportation Aide
Area Supervisor	Area Supervisor
Accuracy (%): 86.3247863248 (101/117)
loading files from /Users/tkang/github/CaroteneClassifier/carotene-classifier/src/src/main/resources/datasets/cascadeindex/soc55-categories.txt
Center Standards and Incentives Officer	Chief Financial Officer (CFO)
Radar Technician	Electronics Technician
Weapons Technician	Maintenance Technician
Unit Leader	Unit Leader
Task Leader	Task Leader
Intelligence Officer	Intelligence Officer
Armed Officer	Armed Officer
Accuracy (%): 57.1428571429 (12/21)
Total Accuracy (%): 80.2813425469 (3253/4052)
