Information Gain attribute evaluator has not been built
1 342 0.9183673469387745 required
2 345 0.9058520795351228 by
3 147 0.882732253921005 communication
4 100 0.8804416203956009 have
5 277 0.8796857747471165 related
6 354 0.8746834788729014 business
7 306 0.8677034517889188 other
8 338 0.847830343367467 degree
9 220 0.8465723819120505 on
10 923 0.8297097229146173 requirements
11 640 0.8070140168368543 environment
12 2687 0.0 blends
13 2686 0.0 atmosphere
14 2693 0.0 performance-based
15 2692 0.0 very
16 2678 0.0 Bluffton
17 2677 0.0 center
18 2676 0.0 premier
19 2694 0.0 incentives
20 2696 0.0 submit
Chi-squared attribute evaluator has not been built
1 338 93.29215686274514 degree
2 277 90.8285543608124 related
3 354 90.46998207885308 business
4 342 90.0 required
5 923 89.28424873737352 requirements
6 345 89.27519217330543 by
7 640 88.97663398692815 environment
8 306 87.91322613356513 other
9 220 87.60140382317793 on
10 147 87.22109988776644 communication
11 100 86.92620545073389 have
12 2677 0.0 center
13 2694 0.0 incentives
14 2688 0.0 fine
15 2678 0.0 Bluffton
16 2693 0.0 performance-based
17 2676 0.0 premier
18 2692 0.0 very
19 2696 0.0 submit
20 2675 0.0 HealthCare
