1 335 1.0000000000000009 years
2 10 1.0000000000000009 you
3 345 1.0000000000000009 by
4 526 1.0000000000000009 our
5 527 1.0000000000000009 team
6 353 1.0000000000000009 knowledge
7 144 1.0000000000000009 skills
8 94 1.0000000000000009 at
9 54 1.0000000000000009 as
10 398 1.0000000000000009 their
11 190 1.0000000000000009 time
12 129 1.0000000000000009 /
13 338 0.9709505944546692 degree
14 41 0.9709505944546692 service
15 518 0.9709505944546692 work
16 89 0.9709505944546692 are
17 192 0.9709505944546692 us
18 71 0.9709505944546692 plans
19 342 0.9709505944546692 required
20 440 0.9709505944546692 through
1 475 10.000000000000004 development
2 342 10.000000000000004 required
3 532 10.000000000000004 br
4 277 10.000000000000004 related
5 157 10.000000000000004 professional
6 22 10.000000000000004 working
7 338 10.000000000000004 degree
8 276 10.000000000000004 that
9 41 10.000000000000004 service
10 73 10.000000000000004 new
11 71 10.000000000000004 plans
12 192 10.000000000000004 us
13 306 10.000000000000004 other
14 518 10.000000000000004 work
15 440 10.000000000000004 through
16 432 10.000000000000004 strong
17 369 10.000000000000004 services
18 294 10.000000000000004 ongoing
19 114 10.000000000000004 including
20 9 10.000000000000004 Manager
