Information Gain attribute evaluator has not been built
1 144 0.9996995428565167 skills
2 147 0.958883216325904 communication
3 342 0.956478055115622 required
4 114 0.943477348934814 including
5 220 0.9410721877245312 on
6 345 0.9410721877245312 by
7 100 0.9362538100213778 have
8 11 0.929005942112548 will
9 354 0.9193037572047942 business
10 277 0.9193037572047942 related
11 923 0.911342375975841 requirements
12 338 0.9077968717079683 degree
13 846 0.9071133517509811 more
14 54 0.9071133517509802 as
15 518 0.9002558611939184 work
16 276 0.8954374834907659 that
17 89 0.8954374834907659 are
18 196 0.8886466698980797 information
19 129 0.8886466698980797 /
20 335 0.8886466698980788 years
Chi-squared attribute evaluator has not been built
1 335 49.00000000000007 years
2 196 49.00000000000005 information
3 129 49.00000000000005 /
4 9 49.00000000000004 Manager
5 475 49.00000000000003 development
6 212 49.000000000000014 necessary
7 206 48.999999999999986 systems
8 157 48.999999999999964 professional
9 923 48.99999999999996 requirements
10 75 48.99999999999995 year
11 144 48.99999999999994 skills
12 147 46.99916666666669 communication
13 342 46.99247491638798 required
14 338 46.84856630824378 degree
15 585 46.549999999999955 process
16 114 46.332222222222164 including
17 220 46.3232998885173 on
18 345 46.3232998885173 by
19 100 46.30527497194164 have
20 11 46.277777777777786 will
