Information Gain attribute evaluator has not been built
1 12152 0.0 }
2 4050 0.0 mutual
3 4049 0.0 annuities
4 4052 0.0 guaranteed
5 4051 0.0 funds
6 4053 0.0 half
7 4047 0.0 retirement
8 4056 0.0 Americans
9 4055 0.0 helping
10 4054 0.0 century
11 4048 0.0 fixed
12 4046 0.0 VALIC
13 4058 0.0 schools
14 4038 0.0 10+
15 4037 0.0 brExperience
16 4040 0.0 Provided
17 4039 0.0 yearsbrRelocation
18 4041 0.0 NoTravel
19 4045 0.0 Consultantbrr/About
20 4044 0.0 brr/Compliance
Chi-squared attribute evaluator has not been built
1 12152 0.0 }
2 4050 0.0 mutual
3 4049 0.0 annuities
4 4052 0.0 guaranteed
5 4051 0.0 funds
6 4053 0.0 half
7 4047 0.0 retirement
8 4056 0.0 Americans
9 4055 0.0 helping
10 4054 0.0 century
11 4048 0.0 fixed
12 4046 0.0 VALIC
13 4058 0.0 schools
14 4038 0.0 10+
15 4037 0.0 brExperience
16 4040 0.0 Provided
17 4039 0.0 yearsbrRelocation
18 4041 0.0 NoTravel
19 4045 0.0 Consultantbrr/About
20 4044 0.0 brr/Compliance
